[07:31:36] [Client thread/INFO]: Setting user: Player44
[07:31:46] [Client thread/WARN]: Skipping bad option: lastServer:
[07:31:46] [Client thread/INFO]: LWJGL Version: 2.9.2
[07:31:54] [Client thread/INFO]: Reloading ResourceManager: Default, FMLFileResourcePack:Forge Mod Loader, FMLFileResourcePack:Minecraft Forge, FMLFileResourcePack:Meepar
[07:31:59] [Sound Library Loader/INFO]: Starting up SoundSystem...
[07:31:59] [Thread-6/INFO]: Initializing LWJGL OpenAL
[07:31:59] [Thread-6/INFO]: (The LWJGL binding of OpenAL.  For more information, see http://www.lwjgl.org)
[07:32:02] [Thread-6/INFO]: OpenAL initialized.
[07:32:02] [Sound Library Loader/INFO]: Sound engine started
[07:32:07] [Client thread/INFO]: Created: 16x16 textures-atlas
[07:32:09] [Client thread/INFO]: Reloading ResourceManager: Default, FMLFileResourcePack:Forge Mod Loader, FMLFileResourcePack:Minecraft Forge, FMLFileResourcePack:Meepar
[07:32:11] [Client thread/INFO]: SoundSystem shutting down...
[07:32:11] [Client thread/WARN]: Author: Paul Lamb, www.paulscode.com
[07:32:11] [Sound Library Loader/INFO]: Starting up SoundSystem...
[07:32:12] [Thread-8/INFO]: Initializing LWJGL OpenAL
[07:32:12] [Thread-8/INFO]: (The LWJGL binding of OpenAL.  For more information, see http://www.lwjgl.org)
[07:32:12] [Thread-8/INFO]: OpenAL initialized.
[07:32:12] [Sound Library Loader/INFO]: Sound engine started
[07:32:16] [Client thread/INFO]: Created: 512x512 textures-atlas
[07:32:19] [Client thread/WARN]: Skipping bad option: lastServer:
[07:32:19] [Client thread/ERROR]: ########## GL ERROR ##########
[07:32:19] [Client thread/ERROR]: @ Post startup
[07:32:19] [Client thread/ERROR]: 1281: Invalid value
[07:32:21] [Realms Notification Availability checker #1/INFO]: Could not authorize you against Realms server: Invalid session id
[07:32:25] [Server thread/INFO]: Starting integrated minecraft server version 1.11.2
[07:32:25] [Server thread/INFO]: Generating keypair
[07:32:26] [Server thread/INFO]: Preparing start region for level 0
[07:32:28] [Server thread/INFO]: Preparing spawn area: 0%
[07:32:29] [Server thread/INFO]: Preparing spawn area: 39%
[07:32:30] [Server thread/INFO]: Preparing spawn area: 90%
[07:32:30] [Server thread/INFO]: Changing view distance to 4, from 10
[07:33:03] [Server thread/INFO]: Player44[local:E:ec202239] logged in with entity id 180 at (176.10095859852322, 68.1212968405392, 266.32786077785323)
[07:33:03] [Server thread/INFO]: Player44 joined the game
[07:33:05] [Server thread/INFO]: Saving and pausing game...
[07:33:05] [Server thread/INFO]: Saving chunks for level 'New World'/Overworld
[07:33:06] [Server thread/INFO]: Saving chunks for level 'New World'/Nether
[07:33:06] [Server thread/INFO]: Saving chunks for level 'New World'/The End
[07:33:06] [pool-2-thread-1/WARN]: Couldn't look up profile properties for com.mojang.authlib.GameProfile@581fcaf2[id=25d814e7-4101-3c44-9bf7-65f7d6c6dd55,name=Player44,properties={},legacy=false]
com.mojang.authlib.exceptions.AuthenticationException: The client has sent too many requests within a certain amount of time
	at com.mojang.authlib.yggdrasil.YggdrasilAuthenticationService.makeRequest(YggdrasilAuthenticationService.java:79) ~[YggdrasilAuthenticationService.class:?]
	at com.mojang.authlib.yggdrasil.YggdrasilMinecraftSessionService.fillGameProfile(YggdrasilMinecraftSessionService.java:180) [YggdrasilMinecraftSessionService.class:?]
	at com.mojang.authlib.yggdrasil.YggdrasilMinecraftSessionService$1.load(YggdrasilMinecraftSessionService.java:60) [YggdrasilMinecraftSessionService$1.class:?]
	at com.mojang.authlib.yggdrasil.YggdrasilMinecraftSessionService$1.load(YggdrasilMinecraftSessionService.java:57) [YggdrasilMinecraftSessionService$1.class:?]
	at com.google.common.cache.LocalCache$LoadingValueReference.loadFuture(LocalCache.java:3524) [guava-17.0.jar:?]
	at com.google.common.cache.LocalCache$Segment.loadSync(LocalCache.java:2317) [guava-17.0.jar:?]
	at com.google.common.cache.LocalCache$Segment.lockedGetOrLoad(LocalCache.java:2280) [guava-17.0.jar:?]
	at com.google.common.cache.LocalCache$Segment.get(LocalCache.java:2195) [guava-17.0.jar:?]
	at com.google.common.cache.LocalCache.get(LocalCache.java:3934) [guava-17.0.jar:?]
	at com.google.common.cache.LocalCache.getOrLoad(LocalCache.java:3938) [guava-17.0.jar:?]
	at com.google.common.cache.LocalCache$LocalLoadingCache.get(LocalCache.java:4821) [guava-17.0.jar:?]
	at com.google.common.cache.LocalCache$LocalLoadingCache.getUnchecked(LocalCache.java:4827) [guava-17.0.jar:?]
	at com.mojang.authlib.yggdrasil.YggdrasilMinecraftSessionService.fillProfileProperties(YggdrasilMinecraftSessionService.java:170) [YggdrasilMinecraftSessionService.class:?]
	at net.minecraft.client.Minecraft.getProfileProperties(Minecraft.java:3064) [Minecraft.class:?]
	at net.minecraft.client.resources.SkinManager$3.run(SkinManager.java:138) [SkinManager$3.class:?]
	at java.util.concurrent.Executors$RunnableAdapter.call(Executors.java:511) [?:1.8.0_121]
	at java.util.concurrent.FutureTask.run(FutureTask.java:266) [?:1.8.0_121]
	at java.util.concurrent.ThreadPoolExecutor.runWorker(ThreadPoolExecutor.java:1142) [?:1.8.0_121]
	at java.util.concurrent.ThreadPoolExecutor$Worker.run(ThreadPoolExecutor.java:617) [?:1.8.0_121]
	at java.lang.Thread.run(Thread.java:745) [?:1.8.0_121]
[07:33:12] [Server thread/INFO]: Player44 has just earned the achievement [Taking Inventory]
[07:33:12] [Client thread/INFO]: [CHAT] Player44 has just earned the achievement [Taking Inventory]
